<?xml version="1.0" encoding="UTF-8"?>
<!-- Generated by org.testng.reporters.JUnitReportReporter -->
<testsuite hostname="ETC1304235" failures="0" tests="6" name="com.orangehrm.qa.testcases.LoginPageTest" time="74.967" errors="0" timestamp="24 Feb 2023 06:07:33 GMT" skipped="0">
  <testcase classname="com.orangehrm.qa.testcases.LoginPageTest" name="orangeHRLogoImageTest" time="11.273"/>
  <testcase classname="com.orangehrm.qa.testcases.LoginPageTest" name="loginPageTitleTest" time="5.964"/>
  <testcase classname="com.orangehrm.qa.testcases.LoginPageTest" name="loginTest" time="12.975"/>
  <testcase classname="com.orangehrm.qa.testcases.LoginPageTest" name="loginTestNegative" time="13.564"/>
  <testcase classname="com.orangehrm.qa.testcases.LoginPageTest" name="resetPasswordTest" time="14.935"/>
  <testcase classname="com.orangehrm.qa.testcases.LoginPageTest" name="resetPasswordCancel" time="16.256"/>
</testsuite> <!-- com.orangehrm.qa.testcases.LoginPageTest -->
