<?xml version="1.0" encoding="UTF-8"?>
<!-- Generated by org.testng.reporters.JUnitReportReporter -->
<testsuite hostname="ETC1304235" failures="0" tests="1" name="com.orangehrm.qa.testcases.DashboardPageTest" time="16.303" errors="0" timestamp="24 Feb 2023 04:21:38 GMT" skipped="0">
  <testcase classname="com.orangehrm.qa.testcases.DashboardPageTest" name="verifyAdminLinkTest" time="16.303"/>
</testsuite> <!-- com.orangehrm.qa.testcases.DashboardPageTest -->
